<?xml version="1.0" ?>
<!DOCTYPE coverage SYSTEM "http://cobertura.sourceforge.net/xml/coverage-04.dtd">
<coverage lines-valid="39"  lines-covered="39"  line-rate="1"  branches-valid="4"  branches-covered="4"  branch-rate="1"  timestamp="1433963564467" complexity="0" version="0.1">
<sources>
	<source>/Users/florian/Desktop/processing-pipe</source>
</sources>
<packages>
	<package name="processing-pipe"  line-rate="1"  branch-rate="1" >
	<classes>
		<class name="index.js"  filename="index.js"  line-rate="1"  branch-rate="1" >
		<methods>
			<method name="Pipe"  hits="5"  signature="()V" >
				<lines><line number="5"  hits="5" /></lines>
			</method>
			<method name="(anonymous_2)"  hits="1"  signature="()V" >
				<lines><line number="10"  hits="1" /></lines>
			</method>
			<method name="(anonymous_3)"  hits="11"  signature="()V" >
				<lines><line number="14"  hits="11" /></lines>
			</method>
			<method name="(anonymous_4)"  hits="1"  signature="()V" >
				<lines><line number="22"  hits="1" /></lines>
			</method>
			<method name="(anonymous_5)"  hits="5"  signature="()V" >
				<lines><line number="26"  hits="5" /></lines>
			</method>
			<method name="(anonymous_6)"  hits="1"  signature="()V" >
				<lines><line number="30"  hits="1" /></lines>
			</method>
			<method name="floodRec"  hits="14"  signature="()V" >
				<lines><line number="43"  hits="14" /></lines>
			</method>
			<method name="(anonymous_8)"  hits="2"  signature="()V" >
				<lines><line number="62"  hits="2" /></lines>
			</method>
			<method name="(anonymous_9)"  hits="1"  signature="()V" >
				<lines><line number="66"  hits="1" /></lines>
			</method>
			<method name="(anonymous_10)"  hits="1"  signature="()V" >
				<lines><line number="70"  hits="1" /></lines>
			</method>
		</methods>
		<lines>
			<line number="3"  hits="1"  branch="false" />
			<line number="5"  hits="1"  branch="false" />
			<line number="6"  hits="5"  branch="false" />
			<line number="7"  hits="5"  branch="false" />
			<line number="10"  hits="1"  branch="false" />
			<line number="11"  hits="1"  branch="false" />
			<line number="14"  hits="1"  branch="false" />
			<line number="15"  hits="11"  branch="true"  condition-coverage="100% (2/2)" />
			<line number="16"  hits="1"  branch="false" />
			<line number="19"  hits="10"  branch="false" />
			<line number="22"  hits="1"  branch="false" />
			<line number="23"  hits="1"  branch="false" />
			<line number="26"  hits="1"  branch="false" />
			<line number="27"  hits="5"  branch="false" />
			<line number="28"  hits="5"  branch="false" />
			<line number="31"  hits="1"  branch="false" />
			<line number="32"  hits="1"  branch="false" />
			<line number="33"  hits="1"  branch="false" />
			<line number="37"  hits="5"  branch="false" />
			<line number="39"  hits="5"  branch="false" />
			<line number="40"  hits="5"  branch="false" />
			<line number="41"  hits="5"  branch="false" />
			<line number="43"  hits="1"  branch="false" />
			<line number="44"  hits="14"  branch="false" />
			<line number="45"  hits="14"  branch="false" />
			<line number="46"  hits="14"  branch="false" />
			<line number="48"  hits="14"  branch="true"  condition-coverage="100% (2/2)" />
			<line number="49"  hits="3"  branch="false" />
			<line number="50"  hits="3"  branch="false" />
			<line number="51"  hits="3"  branch="false" />
			<line number="54"  hits="11"  branch="false" />
			<line number="55"  hits="11"  branch="false" />
			<line number="56"  hits="11"  branch="false" />
			<line number="62"  hits="1"  branch="false" />
			<line number="63"  hits="2"  branch="false" />
			<line number="66"  hits="1"  branch="false" />
			<line number="67"  hits="1"  branch="false" />
			<line number="70"  hits="1"  branch="false" />
			<line number="71"  hits="1"  branch="false" />
		</lines>
		</class>
	</classes>
	</package>
</packages>
</coverage>
